android/app/build/intermediates/manifest_merge_blame_file/release/manifest-merger-blame-release-report.txt
1<?xml version="1.0" encoding="utf-8"?>
2<manifest xmlns:android="http://schemas.android.com/apk/res/android"
3    package="com.test"
4    android:versionCode="1"
5    android:versionName="1.0" >
6
7    <uses-sdk
8        android:minSdkVersion="16"
8-->src/main/AndroidManifest.xml
9        android:targetSdkVersion="29" />
9-->src/main/AndroidManifest.xml
10
11    <uses-permission android:name="android.permission.INTERNET" />
11-->src/main/AndroidManifest.xml:4:5-67
11-->src/main/AndroidManifest.xml:4:22-64
12
13    <application
13-->src/main/AndroidManifest.xml:6:5-26:19
14        android:name="com.test.MainApplication"
14-->src/main/AndroidManifest.xml:7:9-40
15        android:allowBackup="false"
15-->src/main/AndroidManifest.xml:8:9-36
16        android:appComponentFactory="androidx.core.app.CoreComponentFactory"
16-->[androidx.core:core:1.1.0] AndroidManifest.xml:24:18-86
17        android:icon="@mipmap/ic_launcher"
17-->src/main/AndroidManifest.xml:9:9-43
18        android:label="@string/app_name"
18-->src/main/AndroidManifest.xml:10:9-41
19        android:roundIcon="@mipmap/ic_launcher_round"
19-->src/main/AndroidManifest.xml:11:9-54
20        android:theme="@style/AppTheme"
20-->src/main/AndroidManifest.xml:12:9-40
21        android:usesCleartextTraffic="true" >
21-->src/main/AndroidManifest.xml:13:9-44
22        <activity
22-->src/main/AndroidManifest.xml:14:9-24:20
23            android:name="com.test.MainActivity"
23-->src/main/AndroidManifest.xml:15:13-41
24            android:configChanges="keyboard|keyboardHidden|orientation|screenSize|uiMode"
24-->src/main/AndroidManifest.xml:16:13-90
25            android:label="@string/app_name"
25-->src/main/AndroidManifest.xml:17:13-45
26            android:launchMode="singleTask"
26-->src/main/AndroidManifest.xml:18:13-44
27            android:windowSoftInputMode="adjustResize" >
27-->src/main/AndroidManifest.xml:19:13-55
28            <intent-filter>
28-->src/main/AndroidManifest.xml:20:13-23:29
29                <action android:name="android.intent.action.MAIN" />
29-->src/main/AndroidManifest.xml:21:17-69
29-->src/main/AndroidManifest.xml:21:25-66
30
31                <category android:name="android.intent.category.LAUNCHER" />
31-->src/main/AndroidManifest.xml:22:17-77
31-->src/main/AndroidManifest.xml:22:27-74
32            </intent-filter>
33        </activity>
34        <activity android:name="com.facebook.react.devsupport.DevSettingsActivity" />
34-->src/main/AndroidManifest.xml:25:9-86
34-->src/main/AndroidManifest.xml:25:19-83
35    </application>
36
37</manifest>